<?xml version="1.0" encoding="UTF-8"?>
<testng-results ignored="0" total="1" passed="1" failed="0" skipped="0">
  <reporter-output>
  </reporter-output>
  <suite started-at="2023-02-01T14:25:18 GMT+01:00" name="Default suite" finished-at="2023-02-01T14:25:33 GMT+01:00" duration-ms="15055">
    <groups>
    </groups>
    <test started-at="2023-02-01T14:25:18 GMT+01:00" name="Default test" finished-at="2023-02-01T14:25:33 GMT+01:00" duration-ms="15055">
      <class name="Automatique.LCPtestingopemod">
        <test-method is-config="true" signature="initialize()[pri:0, instance:Automatique.LCPtestingopemod@1de5f259]" started-at="2023-02-01T14:25:12 GMT+01:00" name="initialize" finished-at="2023-02-01T14:25:18 GMT+01:00" duration-ms="5552" status="PASS">
          <reporter-output>
          </reporter-output>
        </test-method> <!-- initialize -->
        <test-method signature="lesOperations()[pri:1, instance:Automatique.LCPtestingopemod@1de5f259]" started-at="2023-02-01T14:25:18 GMT+01:00" name="lesOperations" finished-at="2023-02-01T14:25:33 GMT+01:00" duration-ms="15011" status="PASS">
          <reporter-output>
          </reporter-output>
        </test-method> <!-- lesOperations -->
      </class> <!-- Automatique.LCPtestingopemod -->
    </test> <!-- Default test -->
  </suite> <!-- Default suite -->
</testng-results>
